2026-01-07 03:00:51,644 - INFO - 开始筛选 8 只股票...
2026-01-07 03:00:51,644 - INFO - 正在分析 [1/8]: NVDA
2026-01-07 03:00:52,296 - INFO - ✅ NVDA 发现信号! 评分: 20
2026-01-07 03:00:52,796 - INFO - 正在分析 [2/8]: AMD
2026-01-07 03:00:54,169 - INFO - 正在分析 [3/8]: SMCI
2026-01-07 03:00:55,909 - INFO - ✅ SMCI 发现信号! 评分: 22
2026-01-07 03:00:56,409 - INFO - 正在分析 [4/8]: PLTR
2026-01-07 03:00:57,968 - INFO - 正在分析 [5/8]: COIN
2026-01-07 03:00:59,204 - INFO - 正在分析 [6/8]: MU
2026-01-07 03:00:59,987 - INFO - ✅ MU 发现信号! 评分: 72
2026-01-07 03:01:00,487 - INFO - 正在分析 [7/8]: TSLA
2026-01-07 03:01:01,601 - INFO - 正在分析 [8/8]: MSTR
2026-01-07 03:01:02,375 - INFO - ✅ MSTR 发现信号! 评分: 22
2026-01-07 03:01:02,875 - INFO - 报告已保存: /home/ubuntu/stock_screener/report.txt
2026-01-07 03:01:02,876 - INFO - JSON报告已保存: /home/ubuntu/stock_screener/report.json
2026-01-07 03:01:02,876 - INFO - 筛选完成! 发现 4 只潜力股票
2026-01-07 03:01:14,442 - INFO - 开始筛选 100 只股票...
2026-01-07 03:01:14,443 - INFO - 正在分析 [1/100]: AAPL
2026-01-07 03:01:15,630 - INFO - 正在分析 [2/100]: MSFT
2026-01-07 03:01:18,175 - INFO - 正在分析 [3/100]: GOOGL
2026-01-07 03:01:19,041 - INFO - 正在分析 [4/100]: AMZN
2026-01-07 03:01:20,116 - INFO - ✅ AMZN 发现信号! 评分: 47
2026-01-07 03:01:20,616 - INFO - 正在分析 [5/100]: META
2026-01-07 03:01:21,633 - INFO - 正在分析 [6/100]: NVDA
2026-01-07 03:01:23,177 - INFO - ✅ NVDA 发现信号! 评分: 20
2026-01-07 03:01:23,678 - INFO - 正在分析 [7/100]: TSLA
2026-01-07 03:01:25,127 - INFO - 正在分析 [8/100]: AMD
2026-01-07 03:01:26,838 - INFO - 正在分析 [9/100]: INTC
2026-01-07 03:01:27,255 - INFO - ✅ INTC 发现信号! 评分: 40
2026-01-07 03:01:27,755 - INFO - 正在分析 [10/100]: CRM
2026-01-07 03:01:28,676 - INFO - ✅ CRM 发现信号! 评分: 29
2026-01-07 03:01:29,176 - INFO - 正在分析 [11/100]: ADBE
2026-01-07 03:01:30,708 - INFO - 正在分析 [12/100]: NFLX
2026-01-07 03:01:32,577 - INFO - 正在分析 [13/100]: PYPL
2026-01-07 03:01:34,056 - INFO - 正在分析 [14/100]: SQ
2026-01-07 03:01:34,686 - ERROR - 获取 SQ 数据失败: 'NoneType' object is not subscriptable
2026-01-07 03:01:35,188 - INFO - 正在分析 [15/100]: SHOP
2026-01-07 03:01:37,255 - INFO - ✅ SHOP 发现信号! 评分: 22
2026-01-07 03:01:37,755 - INFO - 正在分析 [16/100]: SNOW
2026-01-07 03:01:38,432 - INFO - ✅ SNOW 发现信号! 评分: 42
2026-01-07 03:01:38,933 - INFO - 正在分析 [17/100]: PLTR
2026-01-07 03:01:39,678 - INFO - 正在分析 [18/100]: UBER
2026-01-07 03:01:40,347 - INFO - 正在分析 [19/100]: ABNB
2026-01-07 03:01:40,653 - INFO - ✅ ABNB 发现信号! 评分: 42
2026-01-07 03:01:41,153 - INFO - 正在分析 [20/100]: COIN
2026-01-07 03:01:42,341 - INFO - 正在分析 [21/100]: AVGO
2026-01-07 03:01:42,793 - INFO - ✅ AVGO 发现信号! 评分: 30
2026-01-07 03:01:43,294 - INFO - 正在分析 [22/100]: QCOM
2026-01-07 03:01:44,162 - INFO - ✅ QCOM 发现信号! 评分: 89
2026-01-07 03:01:44,663 - INFO - 正在分析 [23/100]: MU
2026-01-07 03:01:45,315 - INFO - ✅ MU 发现信号! 评分: 72
2026-01-07 03:01:45,815 - INFO - 正在分析 [24/100]: MRVL
2026-01-07 03:01:47,081 - INFO - ✅ MRVL 发现信号! 评分: 30
2026-01-07 03:01:47,581 - INFO - 正在分析 [25/100]: AMAT
2026-01-07 03:01:48,401 - INFO - ✅ AMAT 发现信号! 评分: 57
2026-01-07 03:01:48,901 - INFO - 正在分析 [26/100]: LRCX
2026-01-07 03:01:49,946 - INFO - ✅ LRCX 发现信号! 评分: 72
2026-01-07 03:01:50,447 - INFO - 正在分析 [27/100]: KLAC
2026-01-07 03:01:52,035 - INFO - 正在分析 [28/100]: ASML
2026-01-07 03:01:53,197 - INFO - 正在分析 [29/100]: TSM
2026-01-07 03:01:53,792 - INFO - ✅ TSM 发现信号! 评分: 64
2026-01-07 03:01:54,292 - INFO - 正在分析 [30/100]: ARM
2026-01-07 03:01:55,175 - INFO - 正在分析 [31/100]: NOW
2026-01-07 03:01:56,041 - INFO - ✅ NOW 发现信号! 评分: 25
2026-01-07 03:01:56,541 - INFO - 正在分析 [32/100]: PANW
2026-01-07 03:01:57,628 - INFO - ✅ PANW 发现信号! 评分: 40
2026-01-07 03:01:58,129 - INFO - 正在分析 [33/100]: CRWD
2026-01-07 03:01:58,611 - INFO - ✅ CRWD 发现信号! 评分: 20
2026-01-07 03:01:59,112 - INFO - 正在分析 [34/100]: ZS
2026-01-07 03:02:00,226 - INFO - 正在分析 [35/100]: DDOG
2026-01-07 03:02:00,892 - INFO - 正在分析 [36/100]: NET
2026-01-07 03:02:01,539 - INFO - 正在分析 [37/100]: MDB
2026-01-07 03:02:02,258 - INFO - ✅ MDB 发现信号! 评分: 49
2026-01-07 03:02:02,758 - INFO - 正在分析 [38/100]: TEAM
2026-01-07 03:02:03,910 - INFO - 正在分析 [39/100]: OKTA
2026-01-07 03:02:04,673 - INFO - ✅ OKTA 发现信号! 评分: 37
2026-01-07 03:02:05,173 - INFO - 正在分析 [40/100]: WDAY
2026-01-07 03:02:05,777 - INFO - 正在分析 [41/100]: SMCI
2026-01-07 03:02:07,358 - INFO - ✅ SMCI 发现信号! 评分: 22
2026-01-07 03:02:07,859 - INFO - 正在分析 [42/100]: DELL
2026-01-07 03:02:08,343 - INFO - ✅ DELL 发现信号! 评分: 22
2026-01-07 03:02:08,843 - INFO - 正在分析 [43/100]: HPE
2026-01-07 03:02:10,734 - INFO - 正在分析 [44/100]: ORCL
2026-01-07 03:02:11,347 - INFO - 正在分析 [45/100]: IBM
2026-01-07 03:02:12,140 - INFO - ✅ IBM 发现信号! 评分: 30
2026-01-07 03:02:12,641 - INFO - 正在分析 [46/100]: AI
2026-01-07 03:02:13,179 - INFO - ✅ AI 发现信号! 评分: 50
2026-01-07 03:02:13,679 - INFO - 正在分析 [47/100]: PATH
2026-01-07 03:02:14,287 - INFO - 正在分析 [48/100]: UPST
2026-01-07 03:02:15,025 - INFO - ✅ UPST 发现信号! 评分: 42
2026-01-07 03:02:15,526 - INFO - 正在分析 [49/100]: SOUN
2026-01-07 03:02:16,157 - INFO - 正在分析 [50/100]: BBAI
2026-01-07 03:02:16,791 - INFO - ✅ BBAI 发现信号! 评分: 42
2026-01-07 03:02:17,291 - INFO - 正在分析 [51/100]: JPM
2026-01-07 03:02:17,891 - INFO - ✅ JPM 发现信号! 评分: 62
2026-01-07 03:02:18,392 - INFO - 正在分析 [52/100]: BAC
2026-01-07 03:02:20,408 - INFO - ✅ BAC 发现信号! 评分: 62
2026-01-07 03:02:20,908 - INFO - 正在分析 [53/100]: WFC
2026-01-07 03:02:21,384 - INFO - ✅ WFC 发现信号! 评分: 62
2026-01-07 03:02:21,885 - INFO - 正在分析 [54/100]: GS
2026-01-07 03:02:22,709 - INFO - 正在分析 [55/100]: MS
2026-01-07 03:02:24,403 - INFO - ✅ MS 发现信号! 评分: 62
2026-01-07 03:02:24,904 - INFO - 正在分析 [56/100]: V
2026-01-07 03:02:25,567 - INFO - ✅ V 发现信号! 评分: 62
2026-01-07 03:02:26,068 - INFO - 正在分析 [57/100]: MA
2026-01-07 03:02:27,832 - INFO - 正在分析 [58/100]: AXP
2026-01-07 03:02:28,781 - INFO - ✅ AXP 发现信号! 评分: 54
2026-01-07 03:02:29,282 - INFO - 正在分析 [59/100]: BLK
2026-01-07 03:02:30,478 - INFO - 正在分析 [60/100]: SCHW
2026-01-07 03:02:31,241 - INFO - ✅ SCHW 发现信号! 评分: 47
2026-01-07 03:02:31,741 - INFO - 正在分析 [61/100]: UNH
2026-01-07 03:02:32,368 - INFO - 正在分析 [62/100]: JNJ
2026-01-07 03:02:33,202 - INFO - ✅ JNJ 发现信号! 评分: 32
2026-01-07 03:02:33,702 - INFO - 正在分析 [63/100]: PFE
2026-01-07 03:02:35,147 - INFO - 正在分析 [64/100]: ABBV
2026-01-07 03:02:36,707 - INFO - ✅ ABBV 发现信号! 评分: 30
2026-01-07 03:02:37,207 - INFO - 正在分析 [65/100]: MRK
2026-01-07 03:02:38,194 - INFO - ✅ MRK 发现信号! 评分: 57
2026-01-07 03:02:38,695 - INFO - 正在分析 [66/100]: LLY
2026-01-07 03:02:40,530 - INFO - 正在分析 [67/100]: TMO
2026-01-07 03:02:41,373 - INFO - 正在分析 [68/100]: ABT
2026-01-07 03:02:42,498 - INFO - ✅ ABT 发现信号! 评分: 37
2026-01-07 03:02:43,007 - INFO - 正在分析 [69/100]: BMY
2026-01-07 03:02:43,968 - INFO - ✅ BMY 发现信号! 评分: 37
2026-01-07 03:02:44,468 - INFO - 正在分析 [70/100]: AMGN
2026-01-07 03:02:45,131 - INFO - ✅ AMGN 发现信号! 评分: 42
2026-01-07 03:02:45,632 - INFO - 正在分析 [71/100]: WMT
2026-01-07 03:02:46,279 - INFO - ✅ WMT 发现信号! 评分: 20
2026-01-07 03:02:46,780 - INFO - 正在分析 [72/100]: COST
2026-01-07 03:02:48,676 - INFO - 正在分析 [73/100]: HD
2026-01-07 03:02:50,078 - INFO - 正在分析 [74/100]: NKE
2026-01-07 03:02:51,367 - INFO - 正在分析 [75/100]: SBUX
2026-01-07 03:02:52,377 - INFO - ✅ SBUX 发现信号! 评分: 74
2026-01-07 03:02:52,877 - INFO - 正在分析 [76/100]: MCD
2026-01-07 03:02:54,036 - INFO - 正在分析 [77/100]: DIS
2026-01-07 03:02:55,091 - INFO - ✅ DIS 发现信号! 评分: 57
2026-01-07 03:02:55,591 - INFO - 正在分析 [78/100]: CMCSA
2026-01-07 03:02:56,745 - INFO - ✅ CMCSA 发现信号! 评分: 27
2026-01-07 03:02:57,245 - INFO - 正在分析 [79/100]: PEP
2026-01-07 03:02:58,338 - INFO - 正在分析 [80/100]: KO
2026-01-07 03:02:59,993 - INFO - 正在分析 [81/100]: XOM
2026-01-07 03:03:06,163 - INFO - ✅ XOM 发现信号! 评分: 44
2026-01-07 03:03:06,663 - INFO - 正在分析 [82/100]: CVX
2026-01-07 03:03:07,580 - INFO - ✅ CVX 发现信号! 评分: 35
2026-01-07 03:03:08,080 - INFO - 正在分析 [83/100]: COP
2026-01-07 03:03:08,756 - INFO - ✅ COP 发现信号! 评分: 32
2026-01-07 03:03:09,256 - INFO - 正在分析 [84/100]: SLB
2026-01-07 03:03:10,223 - INFO - ✅ SLB 发现信号! 评分: 47
2026-01-07 03:03:10,724 - INFO - 正在分析 [85/100]: EOG
2026-01-07 03:03:11,338 - INFO - 正在分析 [86/100]: OXY
2026-01-07 03:03:13,302 - INFO - ✅ OXY 发现信号! 评分: 22
2026-01-07 03:03:13,802 - INFO - 正在分析 [87/100]: MPC
2026-01-07 03:03:14,677 - INFO - ✅ MPC 发现信号! 评分: 20
2026-01-07 03:03:15,178 - INFO - 正在分析 [88/100]: VLO
2026-01-07 03:03:16,091 - INFO - ✅ VLO 发现信号! 评分: 40
2026-01-07 03:03:16,592 - INFO - 正在分析 [89/100]: PSX
2026-01-07 03:03:17,320 - INFO - 正在分析 [90/100]: HAL
2026-01-07 03:03:17,730 - INFO - ✅ HAL 发现信号! 评分: 47
2026-01-07 03:03:18,230 - INFO - 正在分析 [91/100]: MSTR
2026-01-07 03:03:19,298 - INFO - ✅ MSTR 发现信号! 评分: 22
2026-01-07 03:03:19,798 - INFO - 正在分析 [92/100]: HOOD
2026-01-07 03:03:20,688 - INFO - 正在分析 [93/100]: RBLX
2026-01-07 03:03:21,882 - INFO - 正在分析 [94/100]: RIVN
2026-01-07 03:03:23,122 - INFO - ✅ RIVN 发现信号! 评分: 22
2026-01-07 03:03:23,622 - INFO - 正在分析 [95/100]: LCID
2026-01-07 03:03:24,718 - INFO - 正在分析 [96/100]: NIO
2026-01-07 03:03:25,343 - INFO - 正在分析 [97/100]: XPEV
2026-01-07 03:03:28,152 - INFO - 正在分析 [98/100]: LI
2026-01-07 03:03:30,295 - INFO - 正在分析 [99/100]: SOFI
2026-01-07 03:03:31,255 - INFO - ✅ SOFI 发现信号! 评分: 25
2026-01-07 03:03:31,755 - INFO - 正在分析 [100/100]: AFRM
2026-01-07 03:03:32,559 - INFO - ✅ AFRM 发现信号! 评分: 52
2026-01-07 03:03:33,061 - INFO - 报告已保存: /home/ubuntu/stock_screener/report.txt
2026-01-07 03:03:33,063 - INFO - JSON报告已保存: /home/ubuntu/stock_screener/report.json
2026-01-07 03:03:33,064 - INFO - 筛选完成! 发现 54 只潜力股票
2026-01-07 03:17:22,074 - INFO - ==================================================
2026-01-07 03:17:22,075 - INFO - 开始每小时筛选...
2026-01-07 03:17:22,075 - INFO - 数据库初始化完成: /home/ubuntu/stock_screener/data/screener.db
2026-01-07 03:17:22,075 - INFO - 正在分析 [1/33]: AAPL
2026-01-07 03:17:23,610 - INFO - 正在分析 [2/33]: MSFT
2026-01-07 03:17:24,850 - INFO - 正在分析 [3/33]: GOOGL
2026-01-07 03:17:25,936 - INFO - 正在分析 [4/33]: AMZN
2026-01-07 03:17:26,551 - INFO - ✅ AMZN 发现信号! 评分: 47
2026-01-07 03:17:27,051 - INFO - 正在分析 [5/33]: META
2026-01-07 03:17:28,540 - INFO - 正在分析 [6/33]: NVDA
2026-01-07 03:17:29,569 - INFO - ✅ NVDA 发现信号! 评分: 20
2026-01-07 03:17:30,070 - INFO - 正在分析 [7/33]: TSLA
2026-01-07 03:17:31,544 - INFO - 正在分析 [8/33]: AMD
2026-01-07 03:17:32,727 - INFO - 正在分析 [9/33]: AVGO
2026-01-07 03:17:33,402 - INFO - ✅ AVGO 发现信号! 评分: 30
2026-01-07 03:17:33,903 - INFO - 正在分析 [10/33]: QCOM
2026-01-07 03:17:34,537 - INFO - ✅ QCOM 发现信号! 评分: 89
2026-01-07 03:17:35,037 - INFO - 正在分析 [11/33]: MU
2026-01-07 03:17:35,518 - INFO - ✅ MU 发现信号! 评分: 72
2026-01-07 03:17:36,018 - INFO - 正在分析 [12/33]: SMCI
2026-01-07 03:17:36,867 - INFO - ✅ SMCI 发现信号! 评分: 22
2026-01-07 03:17:37,367 - INFO - 正在分析 [13/33]: ARM
2026-01-07 03:17:38,505 - INFO - 正在分析 [14/33]: MRVL
2026-01-07 03:17:40,095 - INFO - ✅ MRVL 发现信号! 评分: 30
2026-01-07 03:17:40,595 - INFO - 正在分析 [15/33]: CRM
2026-01-07 03:17:40,928 - INFO - ✅ CRM 发现信号! 评分: 29
2026-01-07 03:17:41,429 - INFO - 正在分析 [16/33]: NOW
2026-01-07 03:17:42,060 - INFO - ✅ NOW 发现信号! 评分: 25
2026-01-07 03:17:42,560 - INFO - 正在分析 [17/33]: SNOW
2026-01-07 03:17:42,956 - INFO - ✅ SNOW 发现信号! 评分: 42
2026-01-07 03:17:43,456 - INFO - 正在分析 [18/33]: PLTR
2026-01-07 03:17:44,288 - INFO - 正在分析 [19/33]: CRWD
2026-01-07 03:17:44,868 - INFO - ✅ CRWD 发现信号! 评分: 20
2026-01-07 03:17:45,368 - INFO - 正在分析 [20/33]: PANW
2026-01-07 03:17:45,733 - INFO - ✅ PANW 发现信号! 评分: 40
2026-01-07 03:17:46,234 - INFO - 正在分析 [21/33]: NET
2026-01-07 03:17:46,588 - INFO - ✅ NET 发现信号! 评分: 32
2026-01-07 03:17:47,088 - INFO - 正在分析 [22/33]: COIN
2026-01-07 03:17:48,124 - INFO - 正在分析 [23/33]: HOOD
2026-01-07 03:17:49,022 - INFO - 正在分析 [24/33]: MSTR
2026-01-07 03:17:49,769 - INFO - ✅ MSTR 发现信号! 评分: 22
2026-01-07 03:17:50,269 - INFO - 正在分析 [25/33]: SOFI
2026-01-07 03:17:50,949 - INFO - ✅ SOFI 发现信号! 评分: 25
2026-01-07 03:17:51,450 - INFO - 正在分析 [26/33]: AFRM
2026-01-07 03:17:52,410 - INFO - ✅ AFRM 发现信号! 评分: 52
2026-01-07 03:17:52,911 - INFO - 正在分析 [27/33]: UPST
2026-01-07 03:17:53,812 - INFO - ✅ UPST 发现信号! 评分: 42
2026-01-07 03:17:54,313 - INFO - 正在分析 [28/33]: RIVN
2026-01-07 03:17:54,969 - INFO - ✅ RIVN 发现信号! 评分: 22
2026-01-07 03:17:55,470 - INFO - 正在分析 [29/33]: LCID
2026-01-07 03:17:56,881 - INFO - 正在分析 [30/33]: NIO
2026-01-07 03:17:57,729 - INFO - 正在分析 [31/33]: XPEV
2026-01-07 03:17:58,973 - INFO - 正在分析 [32/33]: LI
2026-01-07 03:18:00,696 - INFO - 正在分析 [33/33]: MU
2026-01-07 03:18:01,099 - INFO - ✅ MU 发现信号! 评分: 72
2026-01-07 03:18:01,602 - INFO - 保存了 19 条筛选结果
2026-01-07 03:18:01,603 - INFO - 报告已保存: /home/ubuntu/stock_screener/reports/hourly/scan_20260107_0318.txt
2026-01-07 03:18:01,604 - INFO - JSON报告已保存: /home/ubuntu/stock_screener/reports/hourly/scan_20260107_0318.json
2026-01-07 03:18:01,604 - INFO - 筛选完成: 发现 19 只潜力股
2026-01-07 03:18:01,604 - INFO - ==================================================
2026-01-07 03:48:57,466 - INFO - 准备筛选 500 只股票
2026-01-07 03:48:57,466 - INFO - 开始筛选 500 只股票...
2026-01-07 03:48:59,572 - INFO - ✅ AXIL 发现信号! 评分: 27
2026-01-07 03:49:00,257 - INFO - ✅ ARMN 发现信号! 评分: 39
2026-01-07 03:49:02,615 - INFO - ✅ CRF 发现信号! 评分: 47
2026-01-07 03:49:03,960 - INFO - 进度: 100/500 (20.0%) | 速度: 15.4只/秒 | 预计剩余: 26秒
2026-01-07 03:49:10,198 - INFO - 进度: 200/500 (40.0%) | 速度: 15.7只/秒 | 预计剩余: 19秒
2026-01-07 03:49:15,720 - INFO - 进度: 300/500 (60.0%) | 速度: 16.4只/秒 | 预计剩余: 12秒
2026-01-07 03:49:21,125 - INFO - 进度: 400/500 (80.0%) | 速度: 16.9只/秒 | 预计剩余: 6秒
2026-01-07 03:49:25,053 - INFO - 进度: 500/500 (100.0%) | 速度: 18.1只/秒 | 预计剩余: 0秒
2026-01-07 03:49:25,055 - INFO - 运行时间统计已保存: /home/ubuntu/stock_screener/runtime_stats.json
2026-01-07 03:49:25,056 - INFO - 完整报告已保存: /home/ubuntu/stock_screener/report_v2.json
2026-01-07 03:49:33,988 - INFO - 准备筛选 498 只股票
2026-01-07 03:49:33,988 - INFO - 开始筛选 498 只股票...
2026-01-07 03:49:37,290 - INFO - ✅ GGN 发现信号! 评分: 61
2026-01-07 03:49:39,178 - INFO - 进度: 100/498 (20.1%) | 速度: 19.3只/秒 | 预计剩余: 21秒
2026-01-07 03:49:42,266 - INFO - ✅ TMQ 发现信号! 评分: 59
2026-01-07 03:49:44,219 - INFO - 进度: 200/498 (40.2%) | 速度: 19.5只/秒 | 预计剩余: 15秒
2026-01-07 03:49:45,119 - INFO - ✅ AGQ 发现信号! 评分: 77
2026-01-07 03:49:48,725 - INFO - 进度: 300/498 (60.2%) | 速度: 20.4只/秒 | 预计剩余: 10秒
2026-01-07 03:49:48,938 - INFO - ✅ BAR 发现信号! 评分: 52
2026-01-07 03:49:53,138 - INFO - 进度: 400/498 (80.3%) | 速度: 20.9只/秒 | 预计剩余: 5秒
2026-01-07 03:49:57,010 - INFO - ✅ CGMM 发现信号! 评分: 72
2026-01-07 03:49:57,084 - INFO - 进度: 498/498 (100.0%) | 速度: 21.6只/秒 | 预计剩余: 0秒
2026-01-07 03:49:57,087 - INFO - 运行时间统计已保存: /home/ubuntu/stock_screener/runtime_stats.json
2026-01-07 03:49:57,088 - INFO - 完整报告已保存: /home/ubuntu/stock_screener/report_v2.json
2026-01-07 03:51:27,496 - INFO - 准备筛选 456 只股票
2026-01-07 03:51:27,497 - INFO - 开始筛选 456 只股票...
2026-01-07 03:51:29,630 - INFO - ✅ AES 发现信号! 评分: 62
2026-01-07 03:51:29,937 - INFO - ✅ ALL 发现信号! 评分: 32
2026-01-07 03:51:30,265 - INFO - ✅ AFL 发现信号! 评分: 40
2026-01-07 03:51:30,372 - INFO - ✅ ABT 发现信号! 评分: 32
2026-01-07 03:51:30,496 - INFO - ✅ ARE 发现信号! 评分: 25
2026-01-07 03:51:31,233 - INFO - ✅ APH 发现信号! 评分: 60
2026-01-07 03:51:31,318 - INFO - ✅ ALB 发现信号! 评分: 67
2026-01-07 03:51:31,423 - INFO - ✅ BAC 发现信号! 评分: 62
2026-01-07 03:51:31,533 - INFO - ✅ BAX 发现信号! 评分: 65
2026-01-07 03:51:31,637 - INFO - ✅ A 发现信号! 评分: 37
2026-01-07 03:51:31,864 - INFO - ✅ AMGN 发现信号! 评分: 44
2026-01-07 03:51:31,939 - INFO - ✅ ABBV 发现信号! 评分: 25
2026-01-07 03:51:32,043 - INFO - ✅ BMY 发现信号! 评分: 42
2026-01-07 03:51:32,146 - INFO - ✅ BEN 发现信号! 评分: 72
2026-01-07 03:51:32,259 - INFO - ✅ AXP 发现信号! 评分: 54
2026-01-07 03:51:32,367 - INFO - ✅ BSX 发现信号! 评分: 25
2026-01-07 03:51:32,634 - INFO - ✅ BKR 发现信号! 评分: 40
2026-01-07 03:51:32,843 - INFO - ✅ BDX 发现信号! 评分: 72
2026-01-07 03:51:33,115 - INFO - ✅ BXP 发现信号! 评分: 22
2026-01-07 03:51:33,387 - INFO - ✅ BIIB 发现信号! 评分: 52
2026-01-07 03:51:33,550 - INFO - 进度: 100/456 (21.9%) | 速度: 16.5只/秒 | 预计剩余: 22秒
2026-01-07 03:51:33,823 - INFO - ✅ C 发现信号! 评分: 47
2026-01-07 03:51:35,902 - INFO - ✅ DXCM 发现信号! 评分: 67
2026-01-07 03:51:37,746 - INFO - 进度: 200/456 (43.9%) | 速度: 19.5只/秒 | 预计剩余: 13秒
2026-01-07 03:51:39,131 - INFO - ✅ IBM 发现信号! 评分: 25
2026-01-07 03:51:40,020 - INFO - ✅ JNJ 发现信号! 评分: 32
2026-01-07 03:51:40,553 - INFO - ✅ LULU 发现信号! 评分: 37
2026-01-07 03:51:41,928 - INFO - 进度: 300/456 (65.8%) | 速度: 20.8只/秒 | 预计剩余: 8秒
2026-01-07 03:51:42,851 - INFO - ✅ NTAP 发现信号! 评分: 30
2026-01-07 03:51:44,852 - INFO - ✅ RF 发现信号! 评分: 59
2026-01-07 03:51:45,152 - INFO - ✅ MMM 发现信号! 评分: 54
2026-01-07 03:51:46,110 - INFO - 进度: 400/456 (87.7%) | 速度: 21.5只/秒 | 预计剩余: 3秒
2026-01-07 03:51:48,449 - INFO - ✅ WAB 发现信号! 评分: 54
2026-01-07 03:51:48,449 - INFO - 进度: 456/456 (100.0%) | 速度: 21.8只/秒 | 预计剩余: 0秒
2026-01-07 03:51:48,453 - INFO - 运行时间统计已保存: /home/ubuntu/stock_screener/runtime_stats.json
2026-01-07 03:51:48,455 - INFO - 完整报告已保存: /home/ubuntu/stock_screener/report_v2.json
2026-01-07 03:52:41,537 - INFO - ==================================================
2026-01-07 03:52:41,537 - INFO - 开始优先筛选（标普500+纳斯达克100+热门成长股）...
2026-01-07 03:52:41,537 - INFO - 准备筛选 504 只股票
2026-01-07 03:52:41,538 - INFO - 数据库初始化完成: /home/ubuntu/stock_screener/data/screener.db
2026-01-07 03:52:41,538 - INFO - 开始筛选 504 只股票...
2026-01-07 03:52:42,539 - INFO - ✅ ABBV 发现信号! 评分: 25
2026-01-07 03:52:42,905 - INFO - ✅ ADM 发现信号! 评分: 39
2026-01-07 03:52:43,229 - INFO - ✅ AIG 发现信号! 评分: 27
2026-01-07 03:52:43,412 - INFO - ✅ AFRM 发现信号! 评分: 57
2026-01-07 03:52:43,549 - INFO - ✅ ACHR 发现信号! 评分: 37
2026-01-07 03:52:43,798 - INFO - ✅ AMAT 发现信号! 评分: 57
2026-01-07 03:52:43,879 - INFO - ✅ ALB 发现信号! 评分: 67
2026-01-07 03:52:44,227 - INFO - ✅ APD 发现信号! 评分: 40
2026-01-07 03:52:44,326 - INFO - ✅ APTV 发现信号! 评分: 35
2026-01-07 03:52:44,455 - INFO - ✅ AMZN 发现信号! 评分: 42
2026-01-07 03:52:44,664 - INFO - ✅ AMCR 发现信号! 评分: 75
2026-01-07 03:52:44,880 - INFO - ✅ ASTS 发现信号! 评分: 52
2026-01-07 03:52:45,011 - INFO - ✅ AVY 发现信号! 评分: 54
2026-01-07 03:52:45,097 - INFO - ✅ BAC 发现信号! 评分: 62
2026-01-07 03:52:45,196 - INFO - ✅ AXP 发现信号! 评分: 54
2026-01-07 03:52:45,880 - INFO - ✅ BBAI 发现信号! 评分: 37
2026-01-07 03:52:46,251 - INFO - ✅ BSX 发现信号! 评分: 25
2026-01-07 03:52:47,166 - INFO - 进度: 100/504 (19.8%) | 速度: 17.8只/秒 | 预计剩余: 23秒
2026-01-07 03:52:48,655 - INFO - ✅ CTVA 发现信号! 评分: 64
2026-01-07 03:52:49,756 - INFO - ✅ DLTR 发现信号! 评分: 61
2026-01-07 03:52:50,418 - INFO - ✅ EQR 发现信号! 评分: 29
2026-01-07 03:52:51,260 - INFO - ✅ FFIV 发现信号! 评分: 42
2026-01-07 03:52:51,892 - INFO - 进度: 200/504 (39.7%) | 速度: 19.3只/秒 | 预计剩余: 16秒
2026-01-07 03:52:55,052 - INFO - ✅ BAX 发现信号! 评分: 65
2026-01-07 03:52:55,158 - INFO - ✅ ITW 发现信号! 评分: 54
2026-01-07 03:52:56,043 - INFO - ✅ KIM 发现信号! 评分: 25
2026-01-07 03:52:56,907 - INFO - 进度: 300/504 (59.5%) | 速度: 19.5只/秒 | 预计剩余: 10秒
2026-01-07 03:52:58,739 - INFO - ✅ NCLH 发现信号! 评分: 47
2026-01-07 03:53:00,369 - INFO - ✅ O 发现信号! 评分: 30
2026-01-07 03:53:01,809 - INFO - 进度: 400/504 (79.4%) | 速度: 19.7只/秒 | 预计剩余: 5秒
2026-01-07 03:53:04,129 - INFO - ✅ STT 发现信号! 评分: 52
2026-01-07 03:53:05,348 - INFO - ✅ TXN 发现信号! 评分: 82
2026-01-07 03:53:06,144 - INFO - 进度: 500/504 (99.2%) | 速度: 20.3只/秒 | 预计剩余: 0秒
2026-01-07 03:53:06,195 - INFO - 进度: 504/504 (100.0%) | 速度: 20.4只/秒 | 预计剩余: 0秒
2026-01-07 03:53:06,199 - INFO - 保存了 28 条筛选结果
2026-01-07 03:53:07,783 - INFO - 优先筛选完成: 发现 28 只潜力股，耗时 24.7秒
2026-01-07 03:53:07,784 - INFO - ==================================================
2026-01-07 12:01:29,930 - INFO - ==================================================
2026-01-07 12:01:29,930 - INFO - 开始优先筛选（标普500+纳斯达克100+热门成长股）...
2026-01-07 12:01:29,931 - INFO - 准备筛选 504 只股票
2026-01-07 12:01:29,931 - INFO - 数据库初始化完成: /home/ubuntu/stock_screener/data/screener.db
2026-01-07 12:01:29,932 - INFO - 开始筛选 504 只股票...
2026-01-07 12:01:31,427 - INFO - ✅ AAL 发现信号! 评分: 54
2026-01-07 12:01:31,748 - INFO - ✅ A 发现信号! 评分: 20
2026-01-07 12:01:31,867 - INFO - ✅ ADP 发现信号! 评分: 29
2026-01-07 12:01:31,989 - INFO - ✅ ACN 发现信号! 评分: 27
2026-01-07 12:01:32,557 - INFO - ✅ ADI 发现信号! 评分: 62
2026-01-07 12:01:32,829 - INFO - ✅ AMZN 发现信号! 评分: 35
2026-01-07 12:01:32,952 - INFO - ✅ AEE 发现信号! 评分: 20
2026-01-07 12:01:33,090 - INFO - ✅ APTV 发现信号! 评分: 30
2026-01-07 12:01:33,182 - INFO - ✅ AMCR 发现信号! 评分: 37
2026-01-07 12:01:33,701 - INFO - ✅ ASTS 发现信号! 评分: 27
2026-01-07 12:01:33,793 - INFO - ✅ AZN 发现信号! 评分: 47
2026-01-07 12:01:34,383 - INFO - ✅ AME 发现信号! 评分: 47
2026-01-07 12:01:34,615 - INFO - ✅ BE 发现信号! 评分: 25
2026-01-07 12:01:34,757 - INFO - ✅ BIIB 发现信号! 评分: 67
2026-01-07 12:01:34,857 - INFO - ✅ BALL 发现信号! 评分: 37
2026-01-07 12:01:34,947 - INFO - ✅ AVY 发现信号! 评分: 22
2026-01-07 12:01:35,057 - INFO - ✅ BDX 发现信号! 评分: 52
2026-01-07 12:01:35,618 - INFO - ✅ AMGN 发现信号! 评分: 72
2026-01-07 12:01:35,721 - INFO - ✅ BA 发现信号! 评分: 57
2026-01-07 12:01:36,432 - INFO - 进度: 100/504 (19.8%) | 速度: 15.4只/秒 | 预计剩余: 26秒
2026-01-07 12:01:38,810 - INFO - ✅ DHR 发现信号! 评分: 32
2026-01-07 12:01:39,458 - INFO - ✅ CRM 发现信号! 评分: 52
2026-01-07 12:01:40,800 - INFO - ✅ F 发现信号! 评分: 42
2026-01-07 12:01:41,076 - INFO - ✅ ELV 发现信号! 评分: 52
2026-01-07 12:01:41,993 - INFO - 进度: 200/504 (39.7%) | 速度: 16.6只/秒 | 预计剩余: 18秒
2026-01-07 12:01:43,964 - INFO - ✅ HUM 发现信号! 评分: 22
2026-01-07 12:01:47,495 - INFO - 进度: 300/504 (59.5%) | 速度: 17.1只/秒 | 预计剩余: 12秒
2026-01-07 12:01:50,461 - INFO - ✅ NTRS 发现信号! 评分: 52
2026-01-07 12:01:53,026 - INFO - ✅ PRU 发现信号! 评分: 37
2026-01-07 12:01:53,130 - INFO - 进度: 400/504 (79.4%) | 速度: 17.2只/秒 | 预计剩余: 6秒
2026-01-07 12:01:53,566 - INFO - ✅ RJF 发现信号! 评分: 37
2026-01-07 12:01:54,751 - INFO - ✅ SBUX 发现信号! 评分: 37
2026-01-07 12:01:55,954 - INFO - ✅ STX 发现信号! 评分: 27
2026-01-07 12:01:57,671 - INFO - ✅ VTRS 发现信号! 评分: 47
2026-01-07 12:01:58,734 - INFO - 进度: 500/504 (99.2%) | 速度: 17.4只/秒 | 预计剩余: 0秒
2026-01-07 12:01:59,071 - INFO - ✅ WMT 发现信号! 评分: 29
2026-01-07 12:01:59,071 - INFO - 进度: 504/504 (100.0%) | 速度: 17.3只/秒 | 预计剩余: 0秒
2026-01-07 12:01:59,076 - INFO - 保存了 31 条筛选结果
2026-01-07 12:02:00,417 - INFO - 优先筛选完成: 发现 31 只潜力股，耗时 29.1秒
2026-01-07 12:02:00,418 - INFO - ==================================================
2026-01-07 12:37:43,346 - INFO - 准备筛选 504 只股票（降噪模式）
2026-01-07 12:37:43,346 - INFO - 开始筛选 504 只股票（降噪模式）...
2026-01-07 12:37:45,026 - INFO - ✅ ABBV [A级（强烈）] 评分:70 稳步上涨
2026-01-07 12:37:45,137 - INFO - ✅ AAL [B级（较强）] 评分:60 强势上涨
2026-01-07 12:37:45,345 - INFO - ✅ ADI [A级（强烈）] 评分:75 强势上涨
2026-01-07 12:37:45,941 - INFO - ✅ ALB [B级（较强）] 评分:82 强势上涨
2026-01-07 12:37:46,065 - INFO - ✅ AME [B级（较强）] 评分:67 稳步上涨
2026-01-07 12:37:46,556 - INFO - ✅ AMGN [A级（强烈）] 评分:85 强势上涨
2026-01-07 12:37:46,791 - INFO - ✅ AMZN [B级（较强）] 评分:57 强势上涨
2026-01-07 12:37:47,025 - INFO - ✅ AZN [B级（较强）] 评分:62 强势上涨
2026-01-07 12:37:48,611 - INFO - ✅ AXP [C级（一般）] 评分:45 稳步上涨
2026-01-07 12:37:49,745 - INFO - 进度: 100/504 (19.8%) | 发现: 9 | 预计剩余: 26秒
2026-01-07 12:37:50,562 - INFO - ✅ AKAM [C级（一般）] 评分:40 强势上涨
2026-01-07 12:37:54,594 - INFO - ✅ EMR [B级（较强）] 评分:52 强势上涨
2026-01-07 12:37:55,044 - INFO - ✅ EXPE [B级（较强）] 评分:60 强势上涨
2026-01-07 12:37:56,089 - INFO - 进度: 200/504 (39.7%) | 发现: 12 | 预计剩余: 19秒
2026-01-07 12:37:59,461 - INFO - ✅ INVH [C级（一般）] 评分:42 稳步上涨
2026-01-07 12:38:02,200 - INFO - ✅ MAR [A级（强烈）] 评分:80 稳步上涨
2026-01-07 12:38:02,385 - INFO - 进度: 300/504 (59.5%) | 发现: 14 | 预计剩余: 13秒
2026-01-07 12:38:04,357 - INFO - ✅ MNST [C级（一般）] 评分:45 稳步上涨
2026-01-07 12:38:05,549 - INFO - ✅ NOW [C级（一般）] 评分:45 强势上涨
2026-01-07 12:38:07,261 - INFO - ✅ ORLY [B级（较强）] 评分:55 稳步上涨
2026-01-07 12:38:08,705 - INFO - 进度: 400/504 (79.4%) | 发现: 17 | 预计剩余: 7秒
2026-01-07 12:38:10,114 - INFO - ✅ ROST [C级（一般）] 评分:45 稳步上涨
2026-01-07 12:38:11,706 - INFO - ✅ SNPS [C级（一般）] 评分:62 强势上涨
2026-01-07 12:38:14,525 - INFO - ✅ UPS [B级（较强）] 评分:82 强势上涨
2026-01-07 12:38:14,786 - INFO - 进度: 500/504 (99.2%) | 发现: 20 | 预计剩余: 0秒
2026-01-07 12:38:16,982 - INFO - 进度: 504/504 (100.0%) | 发现: 20 | 预计剩余: 0秒
2026-01-07 13:49:31,150 - INFO - ==================================================
2026-01-07 13:49:31,150 - INFO - 开始优先筛选（V3降噪版）...
2026-01-07 13:49:31,151 - INFO - 准备筛选 504 只股票
2026-01-07 13:49:31,151 - INFO - 数据库初始化完成: /home/ubuntu/stock_screener/data/screener.db
2026-01-07 13:49:31,152 - INFO - 开始筛选 504 只股票（降噪模式）...
2026-01-07 13:49:32,910 - INFO - ✅ ADP [B级（较强）] 评分:50 强势上涨
2026-01-07 13:49:33,643 - INFO - ✅ AME [B级（较强）] 评分:67 稳步上涨
2026-01-07 13:49:33,746 - INFO - ✅ AAL [B级（较强）] 评分:50 强势上涨
2026-01-07 13:49:33,845 - INFO - ✅ AKAM [C级（一般）] 评分:40 强势上涨
2026-01-07 13:49:33,961 - INFO - ✅ AMAT [B级（较强）] 评分:62 强势上涨
2026-01-07 13:49:34,086 - INFO - ✅ ABNB [B级（较强）] 评分:60 强势上涨
2026-01-07 13:49:34,368 - INFO - ✅ AMGN [B级（较强）] 评分:65 强势上涨
2026-01-07 13:49:34,537 - INFO - ✅ AFRM [C级（一般）] 评分:62 强势上涨
2026-01-07 13:49:34,657 - INFO - ✅ ALB [B级（较强）] 评分:72 强势上涨
2026-01-07 13:49:34,784 - INFO - ✅ AMZN [B级（较强）] 评分:57 强势上涨
2026-01-07 13:49:35,311 - INFO - ✅ APD [C级（一般）] 评分:47 强势上涨
2026-01-07 13:49:36,608 - INFO - ✅ BA [B级（较强）] 评分:67 稳步上涨
2026-01-07 13:49:37,393 - INFO - ✅ AXP [C级（一般）] 评分:45 稳步上涨
2026-01-07 13:49:37,594 - INFO - ✅ AZN [B级（较强）] 评分:62 强势上涨
2026-01-07 13:49:37,680 - INFO - ✅ BDX [B级（较强）] 评分:62 强势上涨
2026-01-07 13:49:38,336 - INFO - ✅ BAX [C级（一般）] 评分:42 强势上涨
2026-01-07 13:49:38,444 - INFO - ✅ ADI [A级（强烈）] 评分:75 强势上涨
2026-01-07 13:49:38,993 - INFO - ✅ BWA [C级（一般）] 评分:45 稳步上涨
2026-01-07 13:49:39,822 - INFO - 进度: 100/504 (19.8%) | 发现: 18 | 预计剩余: 35秒
2026-01-07 13:49:45,266 - INFO - 进度: 200/504 (39.7%) | 发现: 18 | 预计剩余: 21秒
2026-01-07 13:49:47,068 - INFO - ✅ ILMN [B级（较强）] 评分:82 强势上涨
2026-01-07 13:49:49,912 - INFO - ✅ LMT [B级（较强）] 评分:72 强势上涨
2026-01-07 13:49:50,232 - INFO - 进度: 300/504 (59.5%) | 发现: 20 | 预计剩余: 13秒
2026-01-07 13:49:52,257 - INFO - ✅ DG [B级（较强）] 评分:50 强势上涨
2026-01-07 13:49:53,751 - INFO - ✅ ODFL [B级（较强）] 评分:52 强势上涨
2026-01-07 13:49:55,838 - INFO - 进度: 400/504 (79.4%) | 发现: 22 | 预计剩余: 6秒
2026-01-07 13:50:00,298 - INFO - ✅ UPS [B级（较强）] 评分:62 强势上涨
2026-01-07 13:50:01,167 - INFO - 进度: 500/504 (99.2%) | 发现: 23 | 预计剩余: 0秒
2026-01-07 13:50:06,659 - INFO - 进度: 504/504 (100.0%) | 发现: 23 | 预计剩余: 0秒
2026-01-07 13:50:06,664 - INFO - 保存了 23 条筛选结果
2026-01-07 13:50:07,351 - INFO - 优先筛选完成: 发现 23 只潜力股，耗时 35.5秒
2026-01-07 13:50:07,352 - INFO - ==================================================
2026-01-07 13:50:32,201 - INFO - ==================================================
2026-01-07 13:50:32,201 - INFO - 开始优先筛选（V3降噪版）...
2026-01-07 13:50:32,202 - INFO - 准备筛选 504 只股票
2026-01-07 13:50:32,202 - INFO - 数据库初始化完成: /home/ubuntu/stock_screener/data/screener.db
2026-01-07 13:50:32,203 - INFO - 开始筛选 504 只股票（降噪模式）...
2026-01-07 13:50:33,418 - INFO - ✅ AAL [B级（较强）] 评分:50 强势上涨
2026-01-07 13:50:33,510 - INFO - ✅ ADP [B级（较强）] 评分:50 强势上涨
2026-01-07 13:50:33,613 - INFO - ✅ ADI [A级（强烈）] 评分:75 强势上涨
2026-01-07 13:50:33,966 - INFO - ✅ ABBV [B级（较强）] 评分:55 温和上涨
2026-01-07 13:50:34,801 - INFO - ✅ AMZN [B级（较强）] 评分:57 强势上涨
2026-01-07 13:50:35,324 - INFO - ✅ APD [C级（一般）] 评分:47 强势上涨
2026-01-07 13:50:37,939 - INFO - 进度: 100/504 (19.8%) | 发现: 6 | 预计剩余: 23秒
2026-01-07 13:50:43,584 - INFO - 进度: 200/504 (39.7%) | 发现: 6 | 预计剩余: 17秒
2026-01-07 13:50:49,391 - INFO - 进度: 300/504 (59.5%) | 发现: 6 | 预计剩余: 12秒
2026-01-07 13:50:50,811 - INFO - ✅ MS [C级（一般）] 评分:45 稳步上涨
2026-01-07 13:50:54,508 - INFO - ✅ ON [B级（较强）] 评分:52 强势上涨
2026-01-07 13:50:55,019 - INFO - ✅ PRU [C级（一般）] 评分:45 稳步上涨
2026-01-07 13:50:55,315 - INFO - 进度: 400/504 (79.4%) | 发现: 9 | 预计剩余: 6秒
2026-01-07 13:50:56,231 - INFO - ✅ RKLB [B级（较强）] 评分:52 强势上涨
2026-01-07 13:51:00,578 - INFO - 进度: 500/504 (99.2%) | 发现: 10 | 预计剩余: 0秒
2026-01-07 13:51:00,605 - INFO - 进度: 504/504 (100.0%) | 发现: 10 | 预计剩余: 0秒
2026-01-07 13:51:00,609 - INFO - 保存了 10 条筛选结果
2026-01-07 13:51:02,027 - INFO - 优先筛选完成: 发现 10 只潜力股，耗时 28.4秒
2026-01-07 13:51:02,028 - INFO - ==================================================
